INFO:    Starting build...
Getting image source signatures
Copying blob sha256:0002c93bdb3704dd9e36ce5153ef637f84de253015f3ee330468dccdeacad60b
Copying blob sha256:d79c672e1e8b243c2c0552604faff374fb461b57924ece89897b22c5d37bf941
Copying blob sha256:959a7375cb04562fc81d500a1acba1a1ca5a2d5a86d28e97cee2a265a6e83d3c
Copying blob sha256:f3717d7fdfb710d8af41ffc1309c779e6e73696272c894b4938d987422e0ac79
Copying blob sha256:7b7c9e761223523ae31fffbeb1adb4e86999ab378dbbf791cf71b3501c984226
Copying blob sha256:e1eace4c0976472ad8f411dd5aa77e77973deb31e4ac74fd90613a7dd0cf2fd4
Copying blob sha256:3297f5de02bea8cb42b8e81835cc101dab965479e3df9f45257e40c51b25f22c
Copying blob sha256:3a217af3edf976d73d38d55f102587f76c6216eaa9bec4173db265f935310f98
Copying blob sha256:ad8fec0b36f1c4b27ace2250b0dd4838e01b6dfd6d52b2e4f17de1bf1838fb93
Copying blob sha256:fed0e8aa65b5a21f9075752ff1d28a7095c50a0eeda72a012fd4234daa98d648
Copying blob sha256:07d37209b7a9a36de444cf2310d3e6a870f7a7266871fdeb29e1213197f4a14f
Copying blob sha256:cce05722c910c7260025b759c5d9e7f18986c6b7c49386f5f1b847798894636a
Copying blob sha256:5e8e745ff8cad5bf9ec42463397d80ba6a4c18424e00fd5a154f71d5b037e10b
Copying blob sha256:0e6dea3cdfce4c0f28dbf78b4f98571a23dc5230a0a2d430f76ca970b8777b02
Copying blob sha256:8a1a0f58cb50a0051c1175fcbe056fb1cf440de5e1021742bf9462583f8da653
Copying blob sha256:01abe066f395a91f12751ae721411bd9b442a47daf80334e5ac40290ab03d8ac
Copying blob sha256:2262f6bd4aeb19c63ecc9f10e878694e63de53f6f29acbd7d96bf085b746b78c
Copying blob sha256:a519de2c29a8f923ac8143f9ba0128fc0157ce1ed63ec5b41466876384af8856
Copying blob sha256:500c950da2aeccd5d122a13ea75ad872a1a1ef80c23916dd71c125371a6f8b87
Copying blob sha256:5a8e0ef45298a3fdd2df0176dd6f99dd0dda873fc61eded4e20224e69fe0470b
Copying blob sha256:bc027f76e0b6c32146ddc69e8ed1d645b0cd8448652c2ab1b739bbf926fa413f
Copying blob sha256:aff99375d875d9713d1e519272c2013e149fd995f0d163d6d714c7926edb9b0b
Copying blob sha256:aa6978abee7301003b2c462930c0d47a0e8404eb386f77b9e21ea0f967db2109
Copying config sha256:7454bad0bdf74ab10b4d8bce1c6df1dcd365544a611c71a2978d0c85d89b1283
Writing manifest to image destination
Storing signatures
2023/06/26 17:07:25  info unpack layer: sha256:df374a1a2246354aba3b2ce5e4c55a92e83778ee4d87840da5ed223c7294e474
2023/06/26 17:07:27  info unpack layer: sha256:41bbed7614d0e6d0e6cf505b909ccc3968b908ed38b26052e3cba5e919622b29
2023/06/26 17:07:28  info unpack layer: sha256:2ee7988f96efada2a29a50a102d26d42327375a7aeb05e407e93c188a7caa4bd
2023/06/26 17:07:29  info unpack layer: sha256:496a591cbe7e4b6ee90859b54cc05402a86230bfc08822e8b37dfd6a8050f153
2023/06/26 17:07:29  info unpack layer: sha256:73c1b2f24c9786da7f17bc402b43df587970eb009dac8be514b53837ad34c76f
2023/06/26 17:07:29  info unpack layer: sha256:4827eb24348d58b120aaff38ae6c1ff6573f6b301ad6839dc0349ccd77b2477c
2023/06/26 17:08:54  info unpack layer: sha256:37ebd0b53e5d98933901e00669f4323ba2446e124336ea384c25dc6c973a1004
2023/06/26 17:08:54  info unpack layer: sha256:4ce35ff1b22b0a02a6df39588a8516d2c5cf06e05967bf54b46e18863f958856
2023/06/26 17:08:54  info unpack layer: sha256:1df6c4a2aac3459c69969dddecf2dcaf81fc47d704eba0059bed671c1868bef0
2023/06/26 17:08:54  info unpack layer: sha256:84eef6fdb6e16f727213dbd2a0dbb39d96d5beb77bdc7e7c7f5b1a8d97554d5b
2023/06/26 17:10:44  info unpack layer: sha256:5eddc6ca1a111db5a9b99a0889eeb21bca4b51687457e42dd8d22fcb06f9b96e
2023/06/26 17:10:44  info unpack layer: sha256:c2621e9608fce1d7e58ab69a91b1cbb20089d89fd1de349d8a41a4801da62469
2023/06/26 17:10:46  warn rootless{usr/lib/x86_64-linux-gnu/gstreamer1.0/gstreamer-1.0/gst-ptp-helper} ignoring (usually) harmless EPERM on setxattr "security.capability"
2023/06/26 17:10:53  info unpack layer: sha256:3cc94a59f6e7207f8343b1c4ec976c0cb6dce1d8f62a2dfa5569dc3b915ec0cd
2023/06/26 17:10:53  info unpack layer: sha256:82aa6cf785e28a7d6a33a6976ac4826a45ec48cc3a949c25503d68d1fe18cbf7
2023/06/26 17:10:54  info unpack layer: sha256:93d435a6e6b4d113f7b5f2ace97b06b00947ba0fb72ba26fee4a91342b9101c6
2023/06/26 17:11:10  info unpack layer: sha256:ce0128a73fb64741bfb9b1b96658c9e29f35fafe63d3846ba7f6bafd31424254
2023/06/26 17:11:25  info unpack layer: sha256:6152524bf4cb58f130967bc84fdcc9b2fe8e4a6e717c5aa5d1c62907e5cb4ea3
2023/06/26 17:11:25  info unpack layer: sha256:9b05a934ad92a955e823adf66eba3cdb670c5622640a7a5913c08897678965a3
2023/06/26 17:11:27  info unpack layer: sha256:0294002037c2e10bcd9cdb72fd6cd480478b71cdfacc68455cbcb44f870d7990
2023/06/26 17:11:31  info unpack layer: sha256:79653df2bfb4ee93317d9bf7be4c6f071551d1f19e11219ddf190f09907da8a0
2023/06/26 17:17:51  info unpack layer: sha256:8161e23a4d44e13153f2682aa8824034ea0575363151a5d547e261bca02f2b70
2023/06/26 17:17:51  info unpack layer: sha256:ae5b7bc190b063ccb78a094d996f94ad13d6a3b2e5d49420a40a61cb818a328b
2023/06/26 17:17:52  info unpack layer: sha256:62ed6a92dbd315495d3352aaee0d2af9f248ab21db7372a2c8767e2fddc6d4c2
INFO:    Creating SIF file...
